[1;32mazure-arm: output will be in this color.[0m

[1;32m==> azure-arm: Running builder ...[0m
[1;32m==> azure-arm: Getting tokens using client secret[0m
[1;32m==> azure-arm: Getting tokens using client secret[0m
[0;32m    azure-arm: Creating Azure Resource Manager (ARM) client ...[0m
[1;32m==> azure-arm: WARNING: Zone resiliency may not be supported in North Central US, checkout the docs at https://docs.microsoft.com/en-us/azure/availability-zones/[0m
[1;32m==> azure-arm: Creating resource group ...[0m
[1;32m==> azure-arm:  -> ResourceGroupName : 'pkr-Resource-Group-xe2fqkp75s'[0m
[1;32m==> azure-arm:  -> Location          : 'North Central US'[0m
[1;32m==> azure-arm:  -> Tags              :[0m
[1;32m==> azure-arm:  ->> usage : project1[0m
[1;32m==> azure-arm: Validating deployment template ...[0m
[1;32m==> azure-arm:  -> ResourceGroupName : 'pkr-Resource-Group-xe2fqkp75s'[0m
[1;32m==> azure-arm:  -> DeploymentName    : 'pkrdpxe2fqkp75s'[0m
[1;32m==> azure-arm: Deploying deployment template ...[0m
[1;32m==> azure-arm:  -> ResourceGroupName : 'pkr-Resource-Group-xe2fqkp75s'[0m
[1;32m==> azure-arm:  -> DeploymentName    : 'pkrdpxe2fqkp75s'[0m
[1;32m==> azure-arm:[0m
[1;32m==> azure-arm: Getting the VM's IP address ...[0m
[1;32m==> azure-arm:  -> ResourceGroupName   : 'pkr-Resource-Group-xe2fqkp75s'[0m
[1;32m==> azure-arm:  -> PublicIPAddressName : 'pkripxe2fqkp75s'[0m
[1;32m==> azure-arm:  -> NicName             : 'pkrnixe2fqkp75s'[0m
[1;32m==> azure-arm:  -> Network Connection  : 'PublicEndpoint'[0m
[1;32m==> azure-arm:  -> IP Address          : '52.237.172.47'[0m
[1;32m==> azure-arm: Waiting for SSH to become available...[0m
[1;32m==> azure-arm: Connected to SSH![0m
[1;32m==> azure-arm: Provisioning with shell script: /tmp/packer-shell201133891[0m
[1;31m==> azure-arm: + echo Hello, World![0m
[1;32m==> azure-arm: Querying the machine's properties ...[0m
[1;32m==> azure-arm:  -> ResourceGroupName : 'pkr-Resource-Group-xe2fqkp75s'[0m
[1;32m==> azure-arm:  -> ComputeName       : 'pkrvmxe2fqkp75s'[0m
[1;32m==> azure-arm:  -> Managed OS Disk   : '/subscriptions/b3a912ab-5065-4d4c-aa34-d0f7d5d23aab/resourceGroups/pkr-Resource-Group-xe2fqkp75s/providers/Microsoft.Compute/disks/pkrosxe2fqkp75s'[0m
[1;32m==> azure-arm: Querying the machine's additional disks properties ...[0m
[1;32m==> azure-arm:  -> ResourceGroupName : 'pkr-Resource-Group-xe2fqkp75s'[0m
[1;32m==> azure-arm:  -> ComputeName       : 'pkrvmxe2fqkp75s'[0m
[1;32m==> azure-arm: Powering off machine ...[0m
[1;32m==> azure-arm:  -> ResourceGroupName : 'pkr-Resource-Group-xe2fqkp75s'[0m
[1;32m==> azure-arm:  -> ComputeName       : 'pkrvmxe2fqkp75s'[0m
[1;32m==> azure-arm: Capturing image ...[0m
[1;32m==> azure-arm:  -> Compute ResourceGroupName : 'pkr-Resource-Group-xe2fqkp75s'[0m
[1;32m==> azure-arm:  -> Compute Name              : 'pkrvmxe2fqkp75s'[0m
[1;32m==> azure-arm:  -> Compute Location          : 'North Central US'[0m
[1;32m==> azure-arm:  -> Image ResourceGroupName   : 'UdacityProject1-RG'[0m
[1;32m==> azure-arm:  -> Image Name                : 'Proj1PackerImage'[0m
[1;32m==> azure-arm:  -> Image Location            : 'North Central US'[0m
[1;32m==> azure-arm: Removing the created Deployment object: 'pkrdpxe2fqkp75s'[0m
[1;32m==> azure-arm: 
==> azure-arm: Cleanup requested, deleting resource group ...[0m
[1;32m==> azure-arm: Resource group has been deleted.[0m
[1;32mBuild 'azure-arm' finished after 5 minutes 53 seconds.[0m

==> Wait completed after 5 minutes 53 seconds

==> Builds finished. The artifacts of successful builds are:
--> azure-arm: Azure.ResourceManagement.VMImage:

OSType: Linux
ManagedImageResourceGroupName: UdacityProject1-RG
ManagedImageName: Proj1PackerImage
ManagedImageId: /subscriptions/b3a912ab-5065-4d4c-aa34-d0f7d5d23aab/resourceGroups/UdacityProject1-RG/providers/Microsoft.Compute/images/Proj1PackerImage
ManagedImageLocation: North Central US

